TN:
SF:src/modules/appointments/services/CreateAppointmentService.ts
FN:16,(anonymous_18)
FN:19,CreateAppointmentService
FN:26,(anonymous_20)
FNF:3
FNH:3
FNDA:1,(anonymous_18)
FNDA:2,CreateAppointmentService
FNDA:3,(anonymous_20)
DA:1,1
DA:2,1
DA:6,1
DA:16,1
DA:23,2
DA:26,1
DA:27,3
DA:28,3
DA:30,3
DA:32,3
DA:36,3
DA:37,1
DA:40,2
DA:45,2
DA:47,1
DA:49,1
LF:16
LH:16
BRDA:36,0,0,1
BRDA:36,0,1,2
BRF:2
BRH:2
end_of_record
TN:
SF:src/modules/users/services/AuthenticateUserService.ts
FN:22,(anonymous_19)
FN:26,AuthenticateUserService
FN:37,(anonymous_21)
FNF:3
FNH:3
FNDA:1,(anonymous_19)
FNDA:3,AuthenticateUserService
FNDA:3,(anonymous_21)
DA:1,1
DA:2,1
DA:4,1
DA:6,1
DA:22,1
DA:33,3
DA:34,3
DA:37,3
DA:38,3
DA:40,3
DA:41,1
DA:44,2
DA:49,2
DA:50,1
DA:53,1
DA:55,1
DA:60,1
DA:62,1
DA:64,1
LF:19
LH:19
BRDA:38,0,0,3
BRDA:40,1,0,1
BRDA:40,1,1,2
BRDA:49,2,0,1
BRDA:49,2,1,1
BRF:5
BRH:5
end_of_record
TN:
SF:src/modules/users/services/CreateUserService.ts
FN:16,(anonymous_18)
FN:20,CreateUserService
FN:31,(anonymous_20)
FNF:3
FNH:3
FNDA:2,(anonymous_18)
FNDA:4,CreateUserService
FNDA:5,(anonymous_20)
DA:1,2
DA:3,2
DA:16,2
DA:27,4
DA:28,4
DA:31,5
DA:32,5
DA:34,5
DA:35,1
DA:38,4
DA:39,4
DA:44,4
DA:46,2
DA:48,2
LF:14
LH:14
BRDA:32,0,0,5
BRDA:34,1,0,1
BRDA:34,1,1,4
BRF:3
BRH:3
end_of_record
TN:
SF:src/modules/users/services/UpdateUserAvatarService.ts
FN:14,(anonymous_19)
FN:18,UpdateUserAvatarService
FN:29,(anonymous_21)
FNF:3
FNH:3
FNDA:1,(anonymous_19)
FNDA:3,UpdateUserAvatarService
FNDA:4,(anonymous_21)
DA:2,1
DA:4,1
DA:14,1
DA:25,3
DA:26,3
DA:29,1
DA:30,4
DA:31,4
DA:33,4
DA:35,4
DA:36,1
DA:39,5
DA:40,2
DA:43,3
DA:45,3
DA:47,6
DA:49,3
DA:51,3
DA:53,1
DA:55,1
LF:20
LH:20
BRDA:33,0,0,4
BRDA:33,0,1,3
BRDA:35,1,0,1
BRDA:35,1,1,3
BRDA:39,2,0,2
BRDA:39,2,1,1
BRF:6
BRH:6
end_of_record
