TN:
SF:src/modules/appointments/services/CreateAppointmentService.ts
FN:16,(anonymous_18)
FN:19,CreateAppointmentService
FN:26,(anonymous_20)
FNF:3
FNH:0
FNDA:0,(anonymous_18)
FNDA:0,CreateAppointmentService
FNDA:0,(anonymous_20)
DA:1,0
DA:2,0
DA:6,0
DA:16,0
DA:23,0
DA:26,0
DA:27,0
DA:28,0
DA:30,0
DA:32,0
DA:36,0
DA:37,0
DA:40,0
DA:45,0
DA:47,0
DA:49,0
LF:16
LH:0
BRDA:36,0,0,0
BRDA:36,0,1,0
BRF:2
BRH:0
end_of_record
TN:
SF:src/modules/users/services/AuthenticateUserService.ts
FN:22,(anonymous_19)
FN:26,AuthenticateUserService
FN:37,(anonymous_21)
FNF:3
FNH:0
FNDA:0,(anonymous_19)
FNDA:0,AuthenticateUserService
FNDA:0,(anonymous_21)
DA:1,0
DA:2,0
DA:4,0
DA:6,0
DA:22,0
DA:33,0
DA:34,0
DA:37,0
DA:38,0
DA:40,0
DA:41,0
DA:44,0
DA:49,0
DA:50,0
DA:53,0
DA:55,0
DA:60,0
DA:62,0
DA:64,0
LF:19
LH:0
BRDA:38,0,0,0
BRDA:40,1,0,0
BRDA:40,1,1,0
BRDA:49,2,0,0
BRDA:49,2,1,0
BRF:5
BRH:0
end_of_record
TN:
SF:src/modules/users/services/CreateUserService.ts
FN:16,(anonymous_18)
FN:20,CreateUserService
FN:31,(anonymous_20)
FNF:3
FNH:0
FNDA:0,(anonymous_18)
FNDA:0,CreateUserService
FNDA:0,(anonymous_20)
DA:1,0
DA:3,0
DA:16,0
DA:27,0
DA:28,0
DA:31,0
DA:32,0
DA:34,0
DA:35,0
DA:38,0
DA:39,0
DA:44,0
DA:46,0
DA:48,0
LF:14
LH:0
BRDA:32,0,0,0
BRDA:34,1,0,0
BRDA:34,1,1,0
BRF:3
BRH:0
end_of_record
TN:
SF:src/modules/users/services/ResetPasswordService.ts
FN:15,(anonymous_18)
FN:20,ResetPasswordService
FN:35,(anonymous_20)
FNF:3
FNH:0
FNDA:0,(anonymous_18)
FNDA:0,ResetPasswordService
FNDA:0,(anonymous_20)
DA:1,0
DA:2,0
DA:7,0
DA:15,0
DA:30,0
DA:31,0
DA:32,0
DA:35,0
DA:36,0
DA:38,0
DA:39,0
DA:42,0
DA:44,0
DA:45,0
DA:48,0
DA:49,0
DA:51,0
DA:52,0
DA:55,0
DA:57,0
DA:59,0
DA:61,0
LF:22
LH:0
BRDA:36,0,0,0
BRDA:38,1,0,0
BRDA:38,1,1,0
BRDA:44,2,0,0
BRDA:44,2,1,0
BRDA:51,3,0,0
BRDA:51,3,1,0
BRF:7
BRH:0
end_of_record
TN:
SF:src/modules/users/services/SendForgotPasswordEmailService.ts
FN:17,(anonymous_18)
FN:22,SendForgotPasswordEmailService
FN:37,(anonymous_20)
FNF:3
FNH:0
FNDA:0,(anonymous_18)
FNDA:0,SendForgotPasswordEmailService
FNDA:0,(anonymous_20)
DA:1,0
DA:2,0
DA:9,0
DA:17,0
DA:32,0
DA:33,0
DA:34,0
DA:37,0
DA:38,0
DA:40,0
DA:41,0
DA:44,0
DA:46,0
DA:53,0
DA:68,0
DA:70,0
LF:16
LH:0
BRDA:38,0,0,0
BRDA:40,1,0,0
BRDA:40,1,1,0
BRF:3
BRH:0
end_of_record
TN:
SF:src/modules/users/services/UpdateProfileService.ts
FN:17,(anonymous_18)
FN:21,UpdateProfileService
FN:32,(anonymous_20)
FNF:3
FNH:3
FNDA:1,(anonymous_18)
FNDA:5,UpdateProfileService
FNDA:5,(anonymous_20)
DA:2,1
DA:4,1
DA:17,1
DA:28,5
DA:29,5
DA:32,1
DA:33,5
DA:34,5
DA:35,5
DA:36,5
DA:37,5
DA:39,5
DA:41,5
DA:42,0
DA:45,5
DA:47,5
DA:48,1
DA:51,4
DA:52,4
DA:54,4
DA:55,1
DA:60,4
DA:61,2
DA:66,2
DA:67,1
DA:70,1
DA:73,2
DA:75,1
DA:77,1
LF:29
LH:28
BRDA:39,0,0,5
BRDA:39,0,1,2
BRDA:41,1,0,0
BRDA:41,1,1,5
BRDA:47,2,0,1
BRDA:47,2,1,4
BRDA:47,3,0,5
BRDA:47,3,1,1
BRDA:54,4,0,1
BRDA:54,4,1,3
BRDA:54,5,0,4
BRDA:54,5,1,3
BRDA:60,6,0,1
BRDA:60,6,1,2
BRDA:60,7,0,3
BRDA:60,7,1,2
BRDA:66,8,0,1
BRDA:66,8,1,1
BRF:18
BRH:17
end_of_record
TN:
SF:src/modules/users/services/UpdateUserAvatarService.ts
FN:14,(anonymous_19)
FN:18,UpdateUserAvatarService
FN:29,(anonymous_21)
FNF:3
FNH:0
FNDA:0,(anonymous_19)
FNDA:0,UpdateUserAvatarService
FNDA:0,(anonymous_21)
DA:2,0
DA:4,0
DA:14,0
DA:25,0
DA:26,0
DA:29,0
DA:30,0
DA:31,0
DA:33,0
DA:35,0
DA:36,0
DA:39,0
DA:40,0
DA:43,0
DA:45,0
DA:47,0
DA:49,0
DA:51,0
DA:53,0
DA:55,0
LF:20
LH:0
BRDA:33,0,0,0
BRDA:33,0,1,0
BRDA:35,1,0,0
BRDA:35,1,1,0
BRDA:39,2,0,0
BRDA:39,2,1,0
BRF:6
BRH:0
end_of_record
